F:\OPENGLHOWTOANDCODES\BACKUPS\3DFITTING_20131205_2\3DFITTING\DEBUG\3DFITTING.EXE.EMBED.MANIFEST.RES
F:\OPENGLHOWTOANDCODES\BACKUPS\3DFITTING_20131205_2\3DFITTING\DEBUG\3DFITTING.EXE.INTERMEDIATE.MANIFEST
F:\OPENGLHOWTOANDCODES\BACKUPS\3DFITTING_20131205_2\3DFITTING\DEBUG\BUILDCLOTHMODEL.OBJ
F:\OPENGLHOWTOANDCODES\BACKUPS\3DFITTING_20131205_2\3DFITTING\DEBUG\EFFECT.OBJ
F:\OPENGLHOWTOANDCODES\BACKUPS\3DFITTING_20131205_2\3DFITTING\DEBUG\GLMAIN.OBJ
F:\OPENGLHOWTOANDCODES\BACKUPS\3DFITTING_20131205_2\3DFITTING\DEBUG\MANMODEL.OBJ
F:\OPENGLHOWTOANDCODES\BACKUPS\3DFITTING_20131205_2\3DFITTING\DEBUG\MATH3D.OBJ
F:\OPENGLHOWTOANDCODES\BACKUPS\3DFITTING_20131205_2\3DFITTING\DEBUG\PARTICLES.OBJ
F:\OPENGLHOWTOANDCODES\BACKUPS\3DFITTING_20131205_2\3DFITTING\DEBUG\VC100.PDB
F:\OPENGLHOWTOANDCODES\BACKUPS\3DFITTING_20131205_2\DEBUG\3DFITTING.EXE
F:\OPENGLHOWTOANDCODES\BACKUPS\3DFITTING_20131205_2\DEBUG\3DFITTING.ILK
F:\OPENGLHOWTOANDCODES\BACKUPS\3DFITTING_20131205_2\DEBUG\3DFITTING.PDB
F:\OPENGLHOWTOANDCODES\BACKUPS\3DFITTING_20131205_3\3DFITTING\DEBUG\3DFITTING.EXE.EMBED.MANIFEST.RES
F:\OPENGLHOWTOANDCODES\BACKUPS\3DFITTING_20131205_3\3DFITTING\DEBUG\3DFITTING.EXE.INTERMEDIATE.MANIFEST
F:\OPENGLHOWTOANDCODES\BACKUPS\3DFITTING_20131205_3\3DFITTING\DEBUG\BUILDCLOTHMODEL.OBJ
F:\OPENGLHOWTOANDCODES\BACKUPS\3DFITTING_20131205_3\3DFITTING\DEBUG\EFFECT.OBJ
F:\OPENGLHOWTOANDCODES\BACKUPS\3DFITTING_20131205_3\3DFITTING\DEBUG\GLMAIN.OBJ
F:\OPENGLHOWTOANDCODES\BACKUPS\3DFITTING_20131205_3\3DFITTING\DEBUG\MANMODEL.OBJ
F:\OPENGLHOWTOANDCODES\BACKUPS\3DFITTING_20131205_3\3DFITTING\DEBUG\MATH3D.OBJ
F:\OPENGLHOWTOANDCODES\BACKUPS\3DFITTING_20131205_3\3DFITTING\DEBUG\PARTICLES.OBJ
F:\OPENGLHOWTOANDCODES\BACKUPS\3DFITTING_20131205_3\3DFITTING\DEBUG\VC100.PDB
F:\OPENGLHOWTOANDCODES\BACKUPS\3DFITTING_20131205_3\DEBUG\3DFITTING.EXE
F:\OPENGLHOWTOANDCODES\BACKUPS\3DFITTING_20131205_3\DEBUG\3DFITTING.ILK
F:\OPENGLHOWTOANDCODES\BACKUPS\3DFITTING_20131205_3\DEBUG\3DFITTING.PDB
F:\OpenGLHowtoAndCodes\backups\3DFitting_20131208_1\3DFitting\Debug\3DFitting.exe.embed.manifest
F:\OPENGLHOWTOANDCODES\BACKUPS\3DFITTING_20131208_1\3DFITTING\DEBUG\3DFITTING.EXE.EMBED.MANIFEST.RES
F:\OPENGLHOWTOANDCODES\BACKUPS\3DFITTING_20131208_1\3DFITTING\DEBUG\3DFITTING.EXE.INTERMEDIATE.MANIFEST
F:\OpenGLHowtoAndCodes\backups\3DFitting_20131208_1\3DFitting\Debug\3DFitting_manifest.rc
F:\OPENGLHOWTOANDCODES\BACKUPS\3DFITTING_20131208_1\3DFITTING\DEBUG\BUILDCLOTHMODEL.OBJ
F:\OpenGLHowtoAndCodes\backups\3DFitting_20131208_1\3DFitting\Debug\cl.command.1.tlog
F:\OpenGLHowtoAndCodes\backups\3DFitting_20131208_1\3DFitting\Debug\CL.read.1.tlog
F:\OpenGLHowtoAndCodes\backups\3DFitting_20131208_1\3DFitting\Debug\CL.write.1.tlog
F:\OPENGLHOWTOANDCODES\BACKUPS\3DFITTING_20131208_1\3DFITTING\DEBUG\EFFECT.OBJ
F:\OPENGLHOWTOANDCODES\BACKUPS\3DFITTING_20131208_1\3DFITTING\DEBUG\GLMAIN.OBJ
F:\OpenGLHowtoAndCodes\backups\3DFitting_20131208_1\3DFitting\Debug\iofile.obj
F:\OpenGLHowtoAndCodes\backups\3DFitting_20131208_1\3DFitting\Debug\link.10108.read.1.tlog
F:\OpenGLHowtoAndCodes\backups\3DFitting_20131208_1\3DFitting\Debug\link.10108.write.1.tlog
F:\OpenGLHowtoAndCodes\backups\3DFitting_20131208_1\3DFitting\Debug\link.10108-cvtres.read.1.tlog
F:\OpenGLHowtoAndCodes\backups\3DFitting_20131208_1\3DFitting\Debug\link.10108-cvtres.write.1.tlog
F:\OpenGLHowtoAndCodes\backups\3DFitting_20131208_1\3DFitting\Debug\link.10488.read.1.tlog
F:\OpenGLHowtoAndCodes\backups\3DFitting_20131208_1\3DFitting\Debug\link.10488.write.1.tlog
F:\OpenGLHowtoAndCodes\backups\3DFitting_20131208_1\3DFitting\Debug\link.10488-cvtres.read.1.tlog
F:\OpenGLHowtoAndCodes\backups\3DFitting_20131208_1\3DFitting\Debug\link.10488-cvtres.write.1.tlog
F:\OpenGLHowtoAndCodes\backups\3DFitting_20131208_1\3DFitting\Debug\link.10776.read.1.tlog
F:\OpenGLHowtoAndCodes\backups\3DFitting_20131208_1\3DFitting\Debug\link.10776.write.1.tlog
F:\OpenGLHowtoAndCodes\backups\3DFitting_20131208_1\3DFitting\Debug\link.10776-cvtres.read.1.tlog
F:\OpenGLHowtoAndCodes\backups\3DFitting_20131208_1\3DFitting\Debug\link.10776-cvtres.write.1.tlog
F:\OpenGLHowtoAndCodes\backups\3DFitting_20131208_1\3DFitting\Debug\link.11172.read.1.tlog
F:\OpenGLHowtoAndCodes\backups\3DFitting_20131208_1\3DFitting\Debug\link.11172.write.1.tlog
F:\OpenGLHowtoAndCodes\backups\3DFitting_20131208_1\3DFitting\Debug\link.11172-cvtres.read.1.tlog
F:\OpenGLHowtoAndCodes\backups\3DFitting_20131208_1\3DFitting\Debug\link.11172-cvtres.write.1.tlog
F:\OpenGLHowtoAndCodes\backups\3DFitting_20131208_1\3DFitting\Debug\link.11176.read.1.tlog
F:\OpenGLHowtoAndCodes\backups\3DFitting_20131208_1\3DFitting\Debug\link.11176.write.1.tlog
F:\OpenGLHowtoAndCodes\backups\3DFitting_20131208_1\3DFitting\Debug\link.11176-cvtres.read.1.tlog
F:\OpenGLHowtoAndCodes\backups\3DFitting_20131208_1\3DFitting\Debug\link.11176-cvtres.write.1.tlog
F:\OpenGLHowtoAndCodes\backups\3DFitting_20131208_1\3DFitting\Debug\link.1232.read.1.tlog
F:\OpenGLHowtoAndCodes\backups\3DFitting_20131208_1\3DFitting\Debug\link.1232.write.1.tlog
F:\OpenGLHowtoAndCodes\backups\3DFitting_20131208_1\3DFitting\Debug\link.1232-cvtres.read.1.tlog
F:\OpenGLHowtoAndCodes\backups\3DFitting_20131208_1\3DFitting\Debug\link.1232-cvtres.write.1.tlog
F:\OpenGLHowtoAndCodes\backups\3DFitting_20131208_1\3DFitting\Debug\link.3128.read.1.tlog
F:\OpenGLHowtoAndCodes\backups\3DFitting_20131208_1\3DFitting\Debug\link.3128.write.1.tlog
F:\OpenGLHowtoAndCodes\backups\3DFitting_20131208_1\3DFitting\Debug\link.3128-cvtres.read.1.tlog
F:\OpenGLHowtoAndCodes\backups\3DFitting_20131208_1\3DFitting\Debug\link.3128-cvtres.write.1.tlog
F:\OpenGLHowtoAndCodes\backups\3DFitting_20131208_1\3DFitting\Debug\link.3324.read.1.tlog
F:\OpenGLHowtoAndCodes\backups\3DFitting_20131208_1\3DFitting\Debug\link.3324.write.1.tlog
F:\OpenGLHowtoAndCodes\backups\3DFitting_20131208_1\3DFitting\Debug\link.3324-cvtres.read.1.tlog
F:\OpenGLHowtoAndCodes\backups\3DFitting_20131208_1\3DFitting\Debug\link.3324-cvtres.write.1.tlog
F:\OpenGLHowtoAndCodes\backups\3DFitting_20131208_1\3DFitting\Debug\link.6864.read.1.tlog
F:\OpenGLHowtoAndCodes\backups\3DFitting_20131208_1\3DFitting\Debug\link.6864.write.1.tlog
F:\OpenGLHowtoAndCodes\backups\3DFitting_20131208_1\3DFitting\Debug\link.6864-cvtres.read.1.tlog
F:\OpenGLHowtoAndCodes\backups\3DFitting_20131208_1\3DFitting\Debug\link.6864-cvtres.write.1.tlog
F:\OpenGLHowtoAndCodes\backups\3DFitting_20131208_1\3DFitting\Debug\link.8768.read.1.tlog
F:\OpenGLHowtoAndCodes\backups\3DFitting_20131208_1\3DFitting\Debug\link.8768.write.1.tlog
F:\OpenGLHowtoAndCodes\backups\3DFitting_20131208_1\3DFitting\Debug\link.8768-cvtres.read.1.tlog
F:\OpenGLHowtoAndCodes\backups\3DFitting_20131208_1\3DFitting\Debug\link.8768-cvtres.write.1.tlog
F:\OpenGLHowtoAndCodes\backups\3DFitting_20131208_1\3DFitting\Debug\link.command.1.tlog
F:\OpenGLHowtoAndCodes\backups\3DFitting_20131208_1\3DFitting\Debug\link.read.1.tlog
F:\OpenGLHowtoAndCodes\backups\3DFitting_20131208_1\3DFitting\Debug\link.write.1.tlog
F:\OpenGLHowtoAndCodes\backups\3DFitting_20131208_1\3DFitting\Debug\link-cvtres.read.1.tlog
F:\OpenGLHowtoAndCodes\backups\3DFitting_20131208_1\3DFitting\Debug\link-cvtres.write.1.tlog
F:\OPENGLHOWTOANDCODES\BACKUPS\3DFITTING_20131208_1\3DFITTING\DEBUG\MANMODEL.OBJ
F:\OPENGLHOWTOANDCODES\BACKUPS\3DFITTING_20131208_1\3DFITTING\DEBUG\MATH3D.OBJ
F:\OpenGLHowtoAndCodes\backups\3DFitting_20131208_1\3DFitting\Debug\mt.command.1.tlog
F:\OpenGLHowtoAndCodes\backups\3DFitting_20131208_1\3DFitting\Debug\mt.read.1.tlog
F:\OpenGLHowtoAndCodes\backups\3DFitting_20131208_1\3DFitting\Debug\mt.write.1.tlog
F:\OPENGLHOWTOANDCODES\BACKUPS\3DFITTING_20131208_1\3DFITTING\DEBUG\PARTICLES.OBJ
F:\OpenGLHowtoAndCodes\backups\3DFitting_20131208_1\3DFitting\Debug\rc.command.1.tlog
F:\OpenGLHowtoAndCodes\backups\3DFitting_20131208_1\3DFitting\Debug\rc.read.1.tlog
F:\OpenGLHowtoAndCodes\backups\3DFitting_20131208_1\3DFitting\Debug\rc.write.1.tlog
F:\OpenGLHowtoAndCodes\backups\3DFitting_20131208_1\3DFitting\Debug\vc100.idb
F:\OPENGLHOWTOANDCODES\BACKUPS\3DFITTING_20131208_1\3DFITTING\DEBUG\VC100.PDB
F:\OPENGLHOWTOANDCODES\BACKUPS\3DFITTING_20131208_1\DEBUG\3DFITTING.EXE
F:\OPENGLHOWTOANDCODES\BACKUPS\3DFITTING_20131208_1\DEBUG\3DFITTING.ILK
F:\OPENGLHOWTOANDCODES\BACKUPS\3DFITTING_20131208_1\DEBUG\3DFITTING.PDB
F:\TSLSTANLEY\VISUAL STUDIO 2010 程序\3DFITTING\3DFITTING\DEBUG\3DFITTING.EXE.EMBED.MANIFEST
F:\TSLSTANLEY\VISUAL STUDIO 2010 程序\3DFITTING\3DFITTING\DEBUG\3DFITTING.EXE.EMBED.MANIFEST.RES
F:\TSLSTANLEY\VISUAL STUDIO 2010 程序\3DFITTING\3DFITTING\DEBUG\3DFITTING.EXE.INTERMEDIATE.MANIFEST
F:\TSLSTANLEY\VISUAL STUDIO 2010 程序\3DFITTING\3DFITTING\DEBUG\BUILDCLOTHMODEL.OBJ
F:\TSLSTANLEY\VISUAL STUDIO 2010 程序\3DFITTING\3DFITTING\DEBUG\EFFECT.OBJ
F:\TSLSTANLEY\VISUAL STUDIO 2010 程序\3DFITTING\3DFITTING\DEBUG\GLMAIN.OBJ
F:\TSLSTANLEY\VISUAL STUDIO 2010 程序\3DFITTING\3DFITTING\DEBUG\IOFILE.OBJ
F:\TSLSTANLEY\VISUAL STUDIO 2010 程序\3DFITTING\3DFITTING\DEBUG\MANMODEL.OBJ
F:\TSLSTANLEY\VISUAL STUDIO 2010 程序\3DFITTING\3DFITTING\DEBUG\MATH3D.OBJ
F:\TSLSTANLEY\VISUAL STUDIO 2010 程序\3DFITTING\3DFITTING\DEBUG\PARTICLES.OBJ
F:\TSLSTANLEY\VISUAL STUDIO 2010 程序\3DFITTING\3DFITTING\DEBUG\VC100.PDB
F:\TSLSTANLEY\VISUAL STUDIO 2010 程序\3DFITTING\DEBUG\3DFITTING.EXE
F:\TSLSTANLEY\VISUAL STUDIO 2010 程序\3DFITTING\DEBUG\3DFITTING.ILK
F:\TSLSTANLEY\VISUAL STUDIO 2010 程序\3DFITTING\DEBUG\3DFITTING.PDB
