生成启动时间为 2014/6/9 22:00:34。
     1>项目“D:\学习资料\创新项目\project\2014_06_03(拉拉链_贴图)\3DFitting\3DFitting.vcxproj”在节点 2 上(build 个目标)。
     1>InitializeBuildStatus:
         正在创建“Debug\3DFitting.unsuccessfulbuild”，因为已指定“AlwaysCreate”。
       ClCompile:
         D:\vs2010\VC\bin\CL.exe /c /ZI /nologo /W3 /WX- /Od /Oy- /D WIN32 /D _DEBUG /D _CONSOLE /D _UNICODE /D UNICODE /Gm /EHsc /RTC1 /MDd /GS /fp:precise /Zc:wchar_t /Zc:forScope /Fo"Debug\\" /Fd"Debug\vc100.pdb" /Gd /TP /analyze- /errorReport:prompt BuildClothModel.cpp effect.cpp glmain.cpp ManModel.cpp math3d.cpp particles.cpp
         particles.cpp
     1>d:\学习资料\创新项目\project\2014_06_03(拉拉链_贴图)\3dfitting\particles.cpp(39): warning C4101: “c”: 未引用的局部变量
     1>d:\学习资料\创新项目\project\2014_06_03(拉拉链_贴图)\3dfitting\particles.cpp(453): warning C4101: “temp”: 未引用的局部变量
         math3d.cpp
         ManModel.cpp
         glmain.cpp
         effect.cpp
         BuildClothModel.cpp
         正在生成代码...
       Link:
         D:\vs2010\VC\bin\link.exe /ERRORREPORT:PROMPT /OUT:"D:\学习资料\创新项目\project\2014_06_03(拉拉链_贴图)\Debug\3DFitting.exe" /INCREMENTAL /NOLOGO glut32.lib opengl32.lib glu32.lib glaux.lib kernel32.lib user32.lib gdi32.lib winspool.lib comdlg32.lib advapi32.lib shell32.lib ole32.lib oleaut32.lib uuid.lib odbc32.lib odbccp32.lib kernel32.lib user32.lib gdi32.lib winspool.lib comdlg32.lib advapi32.lib shell32.lib ole32.lib oleaut32.lib uuid.lib odbc32.lib odbccp32.lib /MANIFEST /ManifestFile:"Debug\3DFitting.exe.intermediate.manifest" /MANIFESTUAC:"level='asInvoker' uiAccess='false'" /DEBUG /PDB:"D:\学习资料\创新项目\project\2014_06_03(拉拉链_贴图)\Debug\3DFitting.pdb" /SUBSYSTEM:CONSOLE /TLBID:1 /DYNAMICBASE /NXCOMPAT /IMPLIB:"D:\学习资料\创新项目\project\2014_06_03(拉拉链_贴图)\Debug\3DFitting.lib" /MACHINE:X86 Debug\BuildClothModel.obj
         Debug\effect.obj
         Debug\glmain.obj
         Debug\ManModel.obj
         Debug\math3d.obj
         Debug\particles.obj
         3DFitting.vcxproj -> D:\学习资料\创新项目\project\2014_06_03(拉拉链_贴图)\Debug\3DFitting.exe
       Manifest:
         C:\Program Files (x86)\Microsoft SDKs\Windows\v7.0A\bin\mt.exe /nologo /verbose /out:"D:\学习资料\创新项目\project\2014_06_03(拉拉链_贴图)\Debug\3DFitting.exe.manifest" /manifest Debug\3DFitting.exe.intermediate.manifest
       FinalizeBuildStatus:
         正在删除文件“Debug\3DFitting.unsuccessfulbuild”。
         正在对“Debug\3DFitting.lastbuildstate”执行 Touch 任务。
     1>已完成生成项目“D:\学习资料\创新项目\project\2014_06_03(拉拉链_贴图)\3DFitting\3DFitting.vcxproj”(build 个目标)的操作。

生成成功。

已用时间 00:00:11.07
